<?xml version="1.0" encoding="UTF-8"?>
<coverage generated="1575559920346" clover="3.2.0">
  <project timestamp="1575559920346" name="All files">
    <metrics statements="91" coveredstatements="60" conditionals="7" coveredconditionals="0" methods="31" coveredmethods="5" elements="129" coveredelements="65" complexity="0" loc="91" ncloc="91" packages="5" files="5" classes="5"/>
    <package name="components.fields">
      <metrics statements="3" coveredstatements="3" conditionals="0" coveredconditionals="0" methods="1" coveredmethods="1"/>
      <file name="InputField.tsx" path="/Users/joao/Documents/projects/NextJS-Graphql Projects/nextjs-graphql-front/components/fields/InputField.tsx">
        <metrics statements="3" coveredstatements="3" conditionals="0" coveredconditionals="0" methods="1" coveredmethods="1"/>
        <line num="1" count="1" type="stmt"/>
        <line num="6" count="1" type="stmt"/>
        <line num="11" count="14" type="stmt"/>
      </file>
    </package>
    <package name="generated">
      <metrics statements="65" coveredstatements="40" conditionals="0" coveredconditionals="0" methods="26" coveredmethods="1"/>
      <file name="apolloComponents.tsx" path="/Users/joao/Documents/projects/NextJS-Graphql Projects/nextjs-graphql-front/generated/apolloComponents.tsx">
        <metrics statements="65" coveredstatements="40" conditionals="0" coveredconditionals="0" methods="26" coveredmethods="1"/>
        <line num="1" count="1" type="stmt"/>
        <line num="3" count="1" type="stmt"/>
        <line num="4" count="1" type="stmt"/>
        <line num="5" count="1" type="stmt"/>
        <line num="6" count="1" type="stmt"/>
        <line num="195" count="1" type="stmt"/>
        <line num="208" count="1" type="stmt"/>
        <line num="209" count="0" type="stmt"/>
        <line num="213" count="1" type="stmt"/>
        <line num="218" count="0" type="stmt"/>
        <line num="241" count="1" type="stmt"/>
        <line num="242" count="0" type="stmt"/>
        <line num="247" count="1" type="stmt"/>
        <line num="255" count="1" type="stmt"/>
        <line num="256" count="0" type="stmt"/>
        <line num="260" count="1" type="stmt"/>
        <line num="265" count="0" type="stmt"/>
        <line num="288" count="1" type="stmt"/>
        <line num="289" count="0" type="stmt"/>
        <line num="294" count="1" type="stmt"/>
        <line num="302" count="1" type="stmt"/>
        <line num="303" count="0" type="stmt"/>
        <line num="307" count="1" type="stmt"/>
        <line num="312" count="0" type="stmt"/>
        <line num="335" count="1" type="stmt"/>
        <line num="336" count="0" type="stmt"/>
        <line num="341" count="1" type="stmt"/>
        <line num="355" count="1" type="stmt"/>
        <line num="356" count="0" type="stmt"/>
        <line num="360" count="1" type="stmt"/>
        <line num="365" count="0" type="stmt"/>
        <line num="389" count="1" type="stmt"/>
        <line num="390" count="3" type="stmt"/>
        <line num="395" count="1" type="stmt"/>
        <line num="403" count="1" type="stmt"/>
        <line num="404" count="0" type="stmt"/>
        <line num="408" count="1" type="stmt"/>
        <line num="413" count="0" type="stmt"/>
        <line num="435" count="1" type="stmt"/>
        <line num="436" count="0" type="stmt"/>
        <line num="441" count="1" type="stmt"/>
        <line num="455" count="1" type="stmt"/>
        <line num="456" count="0" type="stmt"/>
        <line num="460" count="1" type="stmt"/>
        <line num="465" count="0" type="stmt"/>
        <line num="488" count="1" type="stmt"/>
        <line num="489" count="0" type="stmt"/>
        <line num="494" count="1" type="stmt"/>
        <line num="501" count="1" type="stmt"/>
        <line num="502" count="0" type="stmt"/>
        <line num="506" count="1" type="stmt"/>
        <line num="511" count="0" type="stmt"/>
        <line num="532" count="1" type="stmt"/>
        <line num="533" count="0" type="stmt"/>
        <line num="535" count="1" type="stmt"/>
        <line num="536" count="0" type="stmt"/>
        <line num="541" count="1" type="stmt"/>
        <line num="554" count="1" type="stmt"/>
        <line num="555" count="0" type="stmt"/>
        <line num="559" count="1" type="stmt"/>
        <line num="564" count="0" type="stmt"/>
        <line num="585" count="1" type="stmt"/>
        <line num="586" count="0" type="stmt"/>
        <line num="588" count="1" type="stmt"/>
        <line num="589" count="0" type="stmt"/>
      </file>
    </package>
    <package name="graphql.user.mutations">
      <metrics statements="2" coveredstatements="2" conditionals="0" coveredconditionals="0" methods="0" coveredmethods="0"/>
      <file name="login.ts" path="/Users/joao/Documents/projects/NextJS-Graphql Projects/nextjs-graphql-front/graphql/user/mutations/login.ts">
        <metrics statements="2" coveredstatements="2" conditionals="0" coveredconditionals="0" methods="0" coveredmethods="0"/>
        <line num="1" count="1" type="stmt"/>
        <line num="3" count="1" type="stmt"/>
      </file>
    </package>
    <package name="graphql.user.queries">
      <metrics statements="2" coveredstatements="2" conditionals="0" coveredconditionals="0" methods="0" coveredmethods="0"/>
      <file name="me.ts" path="/Users/joao/Documents/projects/NextJS-Graphql Projects/nextjs-graphql-front/graphql/user/queries/me.ts">
        <metrics statements="2" coveredstatements="2" conditionals="0" coveredconditionals="0" methods="0" coveredmethods="0"/>
        <line num="1" count="1" type="stmt"/>
        <line num="3" count="1" type="stmt"/>
      </file>
    </package>
    <package name="pages">
      <metrics statements="19" coveredstatements="13" conditionals="7" coveredconditionals="0" methods="4" coveredmethods="3"/>
      <file name="login.tsx" path="/Users/joao/Documents/projects/NextJS-Graphql Projects/nextjs-graphql-front/pages/login.tsx">
        <metrics statements="19" coveredstatements="13" conditionals="7" coveredconditionals="0" methods="4" coveredmethods="3"/>
        <line num="1" count="1" type="stmt"/>
        <line num="2" count="1" type="stmt"/>
        <line num="3" count="1" type="stmt"/>
        <line num="4" count="1" type="stmt"/>
        <line num="5" count="1" type="stmt"/>
        <line num="6" count="1" type="stmt"/>
        <line num="8" count="1" type="stmt"/>
        <line num="9" count="3" type="stmt"/>
        <line num="10" count="3" type="stmt"/>
        <line num="12" count="1" type="stmt"/>
        <line num="13" count="1" type="stmt"/>
        <line num="16" count="0" type="cond" truecount="0" falsecount="2"/>
        <line num="17" count="0" type="stmt"/>
        <line num="19" count="0" type="stmt"/>
        <line num="28" count="0" type="cond" truecount="0" falsecount="5"/>
        <line num="29" count="0" type="stmt"/>
        <line num="31" count="0" type="stmt"/>
        <line num="36" count="7" type="stmt"/>
        <line num="55" count="1" type="stmt"/>
      </file>
    </package>
  </project>
</coverage>
