{"/Users/joao/Documents/projects/NextJS-Graphql Projects/nextjs-graphql-front/components/ListItem.tsx": {"path":"/Users/joao/Documents/projects/NextJS-Graphql Projects/nextjs-graphql-front/components/ListItem.tsx","statementMap":{"0":{"start":{"line":1,"column":0},"end":{"line":1,"column":30}},"1":{"start":{"line":2,"column":0},"end":{"line":2,"column":28}},"2":{"start":{"line":10,"column":49},"end":{"line":15,"column":null}},"3":{"start":{"line":11,"column":2},"end":{"line":14,"column":null}},"4":{"start":{"line":18,"column":0},"end":{"line":18,"column":null}}},"fnMap":{"0":{"name":"(anonymous_2)","decl":{"start":{"line":10,"column":49},"end":{"line":10,"column":50}},"loc":{"start":{"line":11,"column":2},"end":{"line":14,"column":null}}}},"branchMap":{},"s":{"0":1,"1":1,"2":1,"3":1,"4":1},"f":{"0":1},"b":{}}
,"/Users/joao/Documents/projects/NextJS-Graphql Projects/nextjs-graphql-front/components/fields/InputField.tsx": {"path":"/Users/joao/Documents/projects/NextJS-Graphql Projects/nextjs-graphql-front/components/fields/InputField.tsx","statementMap":{"0":{"start":{"line":1,"column":0},"end":{"line":1,"column":69}},"1":{"start":{"line":6,"column":13},"end":{"line":16,"column":null}},"2":{"start":{"line":11,"column":2},"end":{"line":15,"column":null}}},"fnMap":{"0":{"name":"(anonymous_1)","decl":{"start":{"line":6,"column":26},"end":{"line":6,"column":27}},"loc":{"start":{"line":10,"column":30},"end":{"line":16,"column":1}}}},"branchMap":{},"s":{"0":1,"1":1,"2":38},"f":{"0":38},"b":{}}
,"/Users/joao/Documents/projects/NextJS-Graphql Projects/nextjs-graphql-front/generated/apolloComponents.tsx": {"path":"/Users/joao/Documents/projects/NextJS-Graphql Projects/nextjs-graphql-front/generated/apolloComponents.tsx","statementMap":{"0":{"start":{"line":1,"column":0},"end":{"line":1,"column":30}},"1":{"start":{"line":3,"column":0},"end":{"line":3,"column":31}},"2":{"start":{"line":4,"column":0},"end":{"line":4,"column":66}},"3":{"start":{"line":5,"column":0},"end":{"line":5,"column":52}},"4":{"start":{"line":6,"column":0},"end":{"line":6,"column":56}},"5":{"start":{"line":195,"column":13},"end":{"line":204,"column":6}},"6":{"start":{"line":208,"column":17},"end":{"line":210,"column":6}},"7":{"start":{"line":209,"column":6},"end":{"line":209,"column":142}},"8":{"start":{"line":218,"column":4},"end":{"line":221,"column":7}},"9":{"start":{"line":213,"column":0},"end":{"line":213,"column":16}},"10":{"start":{"line":242,"column":8},"end":{"line":242,"column":138}},"11":{"start":{"line":241,"column":0},"end":{"line":241,"column":16}},"12":{"start":{"line":247,"column":13},"end":{"line":251,"column":6}},"13":{"start":{"line":255,"column":17},"end":{"line":257,"column":6}},"14":{"start":{"line":256,"column":6},"end":{"line":256,"column":133}},"15":{"start":{"line":265,"column":4},"end":{"line":268,"column":7}},"16":{"start":{"line":260,"column":0},"end":{"line":260,"column":16}},"17":{"start":{"line":289,"column":8},"end":{"line":289,"column":129}},"18":{"start":{"line":288,"column":0},"end":{"line":288,"column":16}},"19":{"start":{"line":294,"column":13},"end":{"line":298,"column":6}},"20":{"start":{"line":302,"column":17},"end":{"line":304,"column":6}},"21":{"start":{"line":303,"column":6},"end":{"line":303,"column":142}},"22":{"start":{"line":312,"column":4},"end":{"line":315,"column":7}},"23":{"start":{"line":307,"column":0},"end":{"line":307,"column":16}},"24":{"start":{"line":336,"column":8},"end":{"line":336,"column":138}},"25":{"start":{"line":335,"column":0},"end":{"line":335,"column":16}},"26":{"start":{"line":341,"column":13},"end":{"line":351,"column":6}},"27":{"start":{"line":355,"column":17},"end":{"line":357,"column":6}},"28":{"start":{"line":356,"column":6},"end":{"line":356,"column":115}},"29":{"start":{"line":365,"column":4},"end":{"line":368,"column":7}},"30":{"start":{"line":360,"column":0},"end":{"line":360,"column":16}},"31":{"start":{"line":390,"column":8},"end":{"line":390,"column":111}},"32":{"start":{"line":389,"column":0},"end":{"line":389,"column":16}},"33":{"start":{"line":395,"column":13},"end":{"line":399,"column":6}},"34":{"start":{"line":403,"column":17},"end":{"line":405,"column":6}},"35":{"start":{"line":404,"column":6},"end":{"line":404,"column":118}},"36":{"start":{"line":413,"column":4},"end":{"line":416,"column":7}},"37":{"start":{"line":408,"column":0},"end":{"line":408,"column":16}},"38":{"start":{"line":436,"column":8},"end":{"line":436,"column":114}},"39":{"start":{"line":435,"column":0},"end":{"line":435,"column":16}},"40":{"start":{"line":441,"column":13},"end":{"line":451,"column":6}},"41":{"start":{"line":455,"column":17},"end":{"line":457,"column":6}},"42":{"start":{"line":456,"column":6},"end":{"line":456,"column":124}},"43":{"start":{"line":465,"column":4},"end":{"line":468,"column":7}},"44":{"start":{"line":460,"column":0},"end":{"line":460,"column":16}},"45":{"start":{"line":489,"column":8},"end":{"line":489,"column":120}},"46":{"start":{"line":488,"column":0},"end":{"line":488,"column":16}},"47":{"start":{"line":494,"column":13},"end":{"line":498,"column":6}},"48":{"start":{"line":501,"column":17},"end":{"line":503,"column":6}},"49":{"start":{"line":502,"column":6},"end":{"line":502,"column":103}},"50":{"start":{"line":511,"column":4},"end":{"line":514,"column":7}},"51":{"start":{"line":506,"column":0},"end":{"line":506,"column":16}},"52":{"start":{"line":533,"column":8},"end":{"line":533,"column":102}},"53":{"start":{"line":532,"column":0},"end":{"line":532,"column":16}},"54":{"start":{"line":536,"column":10},"end":{"line":536,"column":108}},"55":{"start":{"line":535,"column":0},"end":{"line":535,"column":16}},"56":{"start":{"line":541,"column":13},"end":{"line":551,"column":6}},"57":{"start":{"line":554,"column":17},"end":{"line":556,"column":6}},"58":{"start":{"line":555,"column":6},"end":{"line":555,"column":94}},"59":{"start":{"line":564,"column":4},"end":{"line":567,"column":7}},"60":{"start":{"line":559,"column":0},"end":{"line":559,"column":16}},"61":{"start":{"line":586,"column":8},"end":{"line":586,"column":93}},"62":{"start":{"line":585,"column":0},"end":{"line":585,"column":16}},"63":{"start":{"line":589,"column":10},"end":{"line":589,"column":99}},"64":{"start":{"line":588,"column":0},"end":{"line":588,"column":16}}},"fnMap":{"0":{"name":"(anonymous_2)","decl":{"start":{"line":208,"column":43},"end":{"line":208,"column":44}},"loc":{"start":{"line":209,"column":6},"end":{"line":209,"column":142}}},"1":{"name":"withChangePassword","decl":{"start":{"line":213,"column":16},"end":{"line":213,"column":34}},"loc":{"start":{"line":217,"column":35},"end":{"line":222,"column":1}}},"2":{"name":"useChangePasswordMutation","decl":{"start":{"line":241,"column":16},"end":{"line":241,"column":41}},"loc":{"start":{"line":241,"column":149},"end":{"line":243,"column":7}}},"3":{"name":"(anonymous_5)","decl":{"start":{"line":255,"column":40},"end":{"line":255,"column":41}},"loc":{"start":{"line":256,"column":6},"end":{"line":256,"column":133}}},"4":{"name":"withConfirmUser","decl":{"start":{"line":260,"column":16},"end":{"line":260,"column":31}},"loc":{"start":{"line":264,"column":32},"end":{"line":269,"column":1}}},"5":{"name":"useConfirmUserMutation","decl":{"start":{"line":288,"column":16},"end":{"line":288,"column":38}},"loc":{"start":{"line":288,"column":140},"end":{"line":290,"column":7}}},"6":{"name":"(anonymous_8)","decl":{"start":{"line":302,"column":43},"end":{"line":302,"column":44}},"loc":{"start":{"line":303,"column":6},"end":{"line":303,"column":142}}},"7":{"name":"withForgotPassword","decl":{"start":{"line":307,"column":16},"end":{"line":307,"column":34}},"loc":{"start":{"line":311,"column":35},"end":{"line":316,"column":1}}},"8":{"name":"useForgotPasswordMutation","decl":{"start":{"line":335,"column":16},"end":{"line":335,"column":41}},"loc":{"start":{"line":335,"column":149},"end":{"line":337,"column":7}}},"9":{"name":"(anonymous_11)","decl":{"start":{"line":355,"column":34},"end":{"line":355,"column":35}},"loc":{"start":{"line":356,"column":6},"end":{"line":356,"column":115}}},"10":{"name":"withLogin","decl":{"start":{"line":360,"column":16},"end":{"line":360,"column":25}},"loc":{"start":{"line":364,"column":26},"end":{"line":369,"column":1}}},"11":{"name":"useLoginMutation","decl":{"start":{"line":389,"column":16},"end":{"line":389,"column":32}},"loc":{"start":{"line":389,"column":122},"end":{"line":391,"column":7}}},"12":{"name":"(anonymous_14)","decl":{"start":{"line":403,"column":35},"end":{"line":403,"column":36}},"loc":{"start":{"line":404,"column":6},"end":{"line":404,"column":118}}},"13":{"name":"withLogout","decl":{"start":{"line":408,"column":16},"end":{"line":408,"column":26}},"loc":{"start":{"line":412,"column":27},"end":{"line":417,"column":1}}},"14":{"name":"useLogoutMutation","decl":{"start":{"line":435,"column":16},"end":{"line":435,"column":33}},"loc":{"start":{"line":435,"column":125},"end":{"line":437,"column":7}}},"15":{"name":"(anonymous_17)","decl":{"start":{"line":455,"column":37},"end":{"line":455,"column":38}},"loc":{"start":{"line":456,"column":6},"end":{"line":456,"column":124}}},"16":{"name":"withRegister","decl":{"start":{"line":460,"column":16},"end":{"line":460,"column":28}},"loc":{"start":{"line":464,"column":29},"end":{"line":469,"column":1}}},"17":{"name":"useRegisterMutation","decl":{"start":{"line":488,"column":16},"end":{"line":488,"column":35}},"loc":{"start":{"line":488,"column":131},"end":{"line":490,"column":7}}},"18":{"name":"(anonymous_20)","decl":{"start":{"line":501,"column":34},"end":{"line":501,"column":35}},"loc":{"start":{"line":502,"column":6},"end":{"line":502,"column":103}}},"19":{"name":"withHello","decl":{"start":{"line":506,"column":16},"end":{"line":506,"column":25}},"loc":{"start":{"line":510,"column":26},"end":{"line":515,"column":1}}},"20":{"name":"useHelloQuery","decl":{"start":{"line":532,"column":16},"end":{"line":532,"column":29}},"loc":{"start":{"line":532,"column":110},"end":{"line":534,"column":7}}},"21":{"name":"useHelloLazyQuery","decl":{"start":{"line":535,"column":16},"end":{"line":535,"column":33}},"loc":{"start":{"line":535,"column":118},"end":{"line":537,"column":9}}},"22":{"name":"(anonymous_24)","decl":{"start":{"line":554,"column":31},"end":{"line":554,"column":32}},"loc":{"start":{"line":555,"column":6},"end":{"line":555,"column":94}}},"23":{"name":"withMe","decl":{"start":{"line":559,"column":16},"end":{"line":559,"column":22}},"loc":{"start":{"line":563,"column":23},"end":{"line":568,"column":1}}},"24":{"name":"useMeQuery","decl":{"start":{"line":585,"column":16},"end":{"line":585,"column":26}},"loc":{"start":{"line":585,"column":101},"end":{"line":587,"column":7}}},"25":{"name":"useMeLazyQuery","decl":{"start":{"line":588,"column":16},"end":{"line":588,"column":30}},"loc":{"start":{"line":588,"column":109},"end":{"line":590,"column":9}}}},"branchMap":{},"s":{"0":1,"1":1,"2":1,"3":1,"4":1,"5":1,"6":1,"7":0,"8":0,"9":1,"10":0,"11":1,"12":1,"13":1,"14":0,"15":0,"16":1,"17":0,"18":1,"19":1,"20":1,"21":0,"22":0,"23":1,"24":0,"25":1,"26":1,"27":1,"28":0,"29":0,"30":1,"31":6,"32":1,"33":1,"34":1,"35":0,"36":0,"37":1,"38":0,"39":1,"40":1,"41":1,"42":0,"43":0,"44":1,"45":0,"46":1,"47":1,"48":1,"49":0,"50":0,"51":1,"52":0,"53":1,"54":0,"55":1,"56":1,"57":1,"58":0,"59":0,"60":1,"61":0,"62":1,"63":0,"64":1},"f":{"0":0,"1":0,"2":0,"3":0,"4":0,"5":0,"6":0,"7":0,"8":0,"9":0,"10":0,"11":6,"12":0,"13":0,"14":0,"15":0,"16":0,"17":0,"18":0,"19":0,"20":0,"21":0,"22":0,"23":0,"24":0,"25":0},"b":{}}
,"/Users/joao/Documents/projects/NextJS-Graphql Projects/nextjs-graphql-front/graphql/user/mutations/login.ts": {"path":"/Users/joao/Documents/projects/NextJS-Graphql Projects/nextjs-graphql-front/graphql/user/mutations/login.ts","statementMap":{"0":{"start":{"line":1,"column":0},"end":{"line":1,"column":30}},"1":{"start":{"line":3,"column":13},"end":{"line":13,"column":2}}},"fnMap":{},"branchMap":{},"s":{"0":1,"1":1},"f":{},"b":{}}
,"/Users/joao/Documents/projects/NextJS-Graphql Projects/nextjs-graphql-front/graphql/user/mutations/logout.ts": {"path":"/Users/joao/Documents/projects/NextJS-Graphql Projects/nextjs-graphql-front/graphql/user/mutations/logout.ts","statementMap":{"0":{"start":{"line":1,"column":0},"end":{"line":1,"column":30}},"1":{"start":{"line":3,"column":13},"end":{"line":7,"column":2}}},"fnMap":{},"branchMap":{},"s":{"0":1,"1":1},"f":{},"b":{}}
,"/Users/joao/Documents/projects/NextJS-Graphql Projects/nextjs-graphql-front/graphql/user/queries/me.ts": {"path":"/Users/joao/Documents/projects/NextJS-Graphql Projects/nextjs-graphql-front/graphql/user/queries/me.ts","statementMap":{"0":{"start":{"line":1,"column":0},"end":{"line":1,"column":30}},"1":{"start":{"line":3,"column":13},"end":{"line":13,"column":2}}},"fnMap":{},"branchMap":{},"s":{"0":1,"1":1},"f":{},"b":{}}
,"/Users/joao/Documents/projects/NextJS-Graphql Projects/nextjs-graphql-front/lib/redirect.ts": {"path":"/Users/joao/Documents/projects/NextJS-Graphql Projects/nextjs-graphql-front/lib/redirect.ts","statementMap":{"0":{"start":{"line":2,"column":0},"end":{"line":2,"column":33}},"1":{"start":{"line":4,"column":17},"end":{"line":14,"column":1}},"2":{"start":{"line":5,"column":2},"end":{"line":13,"column":null}},"3":{"start":{"line":8,"column":4},"end":{"line":8,"column":53}},"4":{"start":{"line":9,"column":4},"end":{"line":9,"column":22}},"5":{"start":{"line":12,"column":4},"end":{"line":12,"column":27}},"6":{"start":{"line":15,"column":0},"end":{"line":15,"column":null}}},"fnMap":{"0":{"name":"(anonymous_1)","decl":{"start":{"line":4,"column":17},"end":{"line":4,"column":18}},"loc":{"start":{"line":4,"column":50},"end":{"line":14,"column":1}}}},"branchMap":{"0":{"loc":{"start":{"line":5,"column":2},"end":{"line":13,"column":null}},"type":"if","locations":[{"start":{"line":5,"column":2},"end":{"line":13,"column":null}},{"start":{"line":5,"column":2},"end":{"line":13,"column":null}}]}},"s":{"0":1,"1":1,"2":1,"3":0,"4":0,"5":1,"6":1},"f":{"0":1},"b":{"0":[0,1]}}
,"/Users/joao/Documents/projects/NextJS-Graphql Projects/nextjs-graphql-front/pages/login.tsx": {"path":"/Users/joao/Documents/projects/NextJS-Graphql Projects/nextjs-graphql-front/pages/login.tsx","statementMap":{"0":{"start":{"line":1,"column":0},"end":{"line":1,"column":25}},"1":{"start":{"line":2,"column":0},"end":{"line":2,"column":38}},"2":{"start":{"line":3,"column":0},"end":{"line":3,"column":60}},"3":{"start":{"line":4,"column":0},"end":{"line":4,"column":73}},"4":{"start":{"line":5,"column":0},"end":{"line":5,"column":32}},"5":{"start":{"line":6,"column":0},"end":{"line":6,"column":52}},"6":{"start":{"line":8,"column":14},"end":{"line":55,"column":1}},"7":{"start":{"line":9,"column":26},"end":{"line":9,"column":44}},"8":{"start":{"line":10,"column":2},"end":{"line":53,"column":null}},"9":{"start":{"line":12,"column":6},"end":{"line":12,"column":null}},"10":{"start":{"line":13,"column":23},"end":{"line":27,"column":8}},"11":{"start":{"line":16,"column":10},"end":{"line":18,"column":null}},"12":{"start":{"line":17,"column":12},"end":{"line":17,"column":18}},"13":{"start":{"line":19,"column":10},"end":{"line":25,"column":null}},"14":{"start":{"line":28,"column":6},"end":{"line":30,"column":null}},"15":{"start":{"line":29,"column":8},"end":{"line":29,"column":null}},"16":{"start":{"line":31,"column":6},"end":{"line":31,"column":null}},"17":{"start":{"line":36,"column":30},"end":{"line":50,"column":null}},"18":{"start":{"line":57,"column":0},"end":{"line":57,"column":null}}},"fnMap":{"0":{"name":"(anonymous_1)","decl":{"start":{"line":8,"column":14},"end":{"line":8,"column":17}},"loc":{"start":{"line":8,"column":19},"end":{"line":55,"column":1}}},"1":{"name":"(anonymous_2)","decl":{"start":{"line":11,"column":22},"end":{"line":11,"column":27}},"loc":{"start":{"line":11,"column":35},"end":{"line":32,"column":5}}},"2":{"name":"(anonymous_3)","decl":{"start":{"line":15,"column":16},"end":{"line":15,"column":17}},"loc":{"start":{"line":15,"column":34},"end":{"line":26,"column":9}}},"3":{"name":"(anonymous_4)","decl":{"start":{"line":36,"column":7},"end":{"line":36,"column":8}},"loc":{"start":{"line":36,"column":30},"end":{"line":50,"column":null}}}},"branchMap":{"0":{"loc":{"start":{"line":16,"column":10},"end":{"line":18,"column":null}},"type":"if","locations":[{"start":{"line":16,"column":10},"end":{"line":18,"column":null}},{"start":{"line":16,"column":10},"end":{"line":18,"column":null}}]},"1":{"loc":{"start":{"line":28,"column":6},"end":{"line":30,"column":null}},"type":"if","locations":[{"start":{"line":28,"column":6},"end":{"line":30,"column":null}},{"start":{"line":28,"column":6},"end":{"line":30,"column":null}}]},"2":{"loc":{"start":{"line":28,"column":10},"end":{"line":28,"column":18}},"type":"binary-expr","locations":[{"start":{"line":28,"column":10},"end":{"line":28,"column":18}},{"start":{"line":28,"column":22},"end":{"line":28,"column":35}},{"start":{"line":28,"column":39},"end":{"line":28,"column":59}}]}},"s":{"0":1,"1":1,"2":1,"3":1,"4":1,"5":1,"6":1,"7":6,"8":6,"9":2,"10":2,"11":1,"12":0,"13":1,"14":1,"15":0,"16":1,"17":19,"18":1},"f":{"0":6,"1":2,"2":1,"3":19},"b":{"0":[0,1],"1":[0,1],"2":[1,1,1]}}
,"/Users/joao/Documents/projects/NextJS-Graphql Projects/nextjs-graphql-front/pages/logout.tsx": {"path":"/Users/joao/Documents/projects/NextJS-Graphql Projects/nextjs-graphql-front/pages/logout.tsx","statementMap":{"0":{"start":{"line":3,"column":0},"end":{"line":3,"column":65}},"1":{"start":{"line":4,"column":0},"end":{"line":4,"column":39}},"2":{"start":{"line":5,"column":15},"end":{"line":7,"column":1}},"3":{"start":{"line":6,"column":2},"end":{"line":6,"column":14}},"4":{"start":{"line":9,"column":0},"end":{"line":16,"column":null}},"5":{"start":{"line":10,"column":2},"end":{"line":12,"column":null}},"6":{"start":{"line":13,"column":2},"end":{"line":13,"column":null}},"7":{"start":{"line":14,"column":2},"end":{"line":14,"column":null}},"8":{"start":{"line":15,"column":2},"end":{"line":15,"column":null}},"9":{"start":{"line":18,"column":0},"end":{"line":18,"column":22}}},"fnMap":{"0":{"name":"(anonymous_1)","decl":{"start":{"line":5,"column":15},"end":{"line":5,"column":18}},"loc":{"start":{"line":5,"column":20},"end":{"line":7,"column":1}}},"1":{"name":"(anonymous_2)","decl":{"start":{"line":9,"column":25},"end":{"line":9,"column":30}},"loc":{"start":{"line":9,"column":69},"end":{"line":16,"column":1}}}},"branchMap":{},"s":{"0":1,"1":1,"2":1,"3":2,"4":1,"5":1,"6":1,"7":1,"8":1,"9":1},"f":{"0":2,"1":1},"b":{}}
}
