TN:
SF:/Users/joao/Documents/projects/NextJS-Graphql Projects/nextjs-graphql-front/components/ListItem.tsx
FN:10,(anonymous_2)
FNF:1
FNH:1
FNDA:1,(anonymous_2)
DA:1,1
DA:2,1
DA:10,1
DA:11,1
DA:18,1
LF:5
LH:5
BRF:0
BRH:0
end_of_record
TN:
SF:/Users/joao/Documents/projects/NextJS-Graphql Projects/nextjs-graphql-front/components/fields/InputField.tsx
FN:6,(anonymous_1)
FNF:1
FNH:1
FNDA:38,(anonymous_1)
DA:1,1
DA:6,1
DA:11,38
LF:3
LH:3
BRF:0
BRH:0
end_of_record
TN:
SF:/Users/joao/Documents/projects/NextJS-Graphql Projects/nextjs-graphql-front/generated/apolloComponents.tsx
FN:208,(anonymous_2)
FN:213,withChangePassword
FN:241,useChangePasswordMutation
FN:255,(anonymous_5)
FN:260,withConfirmUser
FN:288,useConfirmUserMutation
FN:302,(anonymous_8)
FN:307,withForgotPassword
FN:335,useForgotPasswordMutation
FN:355,(anonymous_11)
FN:360,withLogin
FN:389,useLoginMutation
FN:403,(anonymous_14)
FN:408,withLogout
FN:435,useLogoutMutation
FN:455,(anonymous_17)
FN:460,withRegister
FN:488,useRegisterMutation
FN:501,(anonymous_20)
FN:506,withHello
FN:532,useHelloQuery
FN:535,useHelloLazyQuery
FN:554,(anonymous_24)
FN:559,withMe
FN:585,useMeQuery
FN:588,useMeLazyQuery
FNF:26
FNH:1
FNDA:0,(anonymous_2)
FNDA:0,withChangePassword
FNDA:0,useChangePasswordMutation
FNDA:0,(anonymous_5)
FNDA:0,withConfirmUser
FNDA:0,useConfirmUserMutation
FNDA:0,(anonymous_8)
FNDA:0,withForgotPassword
FNDA:0,useForgotPasswordMutation
FNDA:0,(anonymous_11)
FNDA:0,withLogin
FNDA:6,useLoginMutation
FNDA:0,(anonymous_14)
FNDA:0,withLogout
FNDA:0,useLogoutMutation
FNDA:0,(anonymous_17)
FNDA:0,withRegister
FNDA:0,useRegisterMutation
FNDA:0,(anonymous_20)
FNDA:0,withHello
FNDA:0,useHelloQuery
FNDA:0,useHelloLazyQuery
FNDA:0,(anonymous_24)
FNDA:0,withMe
FNDA:0,useMeQuery
FNDA:0,useMeLazyQuery
DA:1,1
DA:3,1
DA:4,1
DA:5,1
DA:6,1
DA:195,1
DA:208,1
DA:209,0
DA:213,1
DA:218,0
DA:241,1
DA:242,0
DA:247,1
DA:255,1
DA:256,0
DA:260,1
DA:265,0
DA:288,1
DA:289,0
DA:294,1
DA:302,1
DA:303,0
DA:307,1
DA:312,0
DA:335,1
DA:336,0
DA:341,1
DA:355,1
DA:356,0
DA:360,1
DA:365,0
DA:389,1
DA:390,6
DA:395,1
DA:403,1
DA:404,0
DA:408,1
DA:413,0
DA:435,1
DA:436,0
DA:441,1
DA:455,1
DA:456,0
DA:460,1
DA:465,0
DA:488,1
DA:489,0
DA:494,1
DA:501,1
DA:502,0
DA:506,1
DA:511,0
DA:532,1
DA:533,0
DA:535,1
DA:536,0
DA:541,1
DA:554,1
DA:555,0
DA:559,1
DA:564,0
DA:585,1
DA:586,0
DA:588,1
DA:589,0
LF:65
LH:40
BRF:0
BRH:0
end_of_record
TN:
SF:/Users/joao/Documents/projects/NextJS-Graphql Projects/nextjs-graphql-front/graphql/user/mutations/login.ts
FNF:0
FNH:0
DA:1,1
DA:3,1
LF:2
LH:2
BRF:0
BRH:0
end_of_record
TN:
SF:/Users/joao/Documents/projects/NextJS-Graphql Projects/nextjs-graphql-front/graphql/user/mutations/logout.ts
FNF:0
FNH:0
DA:1,1
DA:3,1
LF:2
LH:2
BRF:0
BRH:0
end_of_record
TN:
SF:/Users/joao/Documents/projects/NextJS-Graphql Projects/nextjs-graphql-front/graphql/user/queries/me.ts
FNF:0
FNH:0
DA:1,1
DA:3,1
LF:2
LH:2
BRF:0
BRH:0
end_of_record
TN:
SF:/Users/joao/Documents/projects/NextJS-Graphql Projects/nextjs-graphql-front/lib/redirect.ts
FN:4,(anonymous_1)
FNF:1
FNH:1
FNDA:1,(anonymous_1)
DA:2,1
DA:4,1
DA:5,1
DA:8,0
DA:9,0
DA:12,1
DA:15,1
LF:7
LH:5
BRDA:5,0,0,0
BRDA:5,0,1,1
BRF:2
BRH:1
end_of_record
TN:
SF:/Users/joao/Documents/projects/NextJS-Graphql Projects/nextjs-graphql-front/pages/login.tsx
FN:8,(anonymous_1)
FN:11,(anonymous_2)
FN:15,(anonymous_3)
FN:36,(anonymous_4)
FNF:4
FNH:4
FNDA:6,(anonymous_1)
FNDA:2,(anonymous_2)
FNDA:1,(anonymous_3)
FNDA:19,(anonymous_4)
DA:1,1
DA:2,1
DA:3,1
DA:4,1
DA:5,1
DA:6,1
DA:8,1
DA:9,6
DA:10,6
DA:12,2
DA:13,2
DA:16,1
DA:17,0
DA:19,1
DA:28,1
DA:29,0
DA:31,1
DA:36,19
DA:57,1
LF:19
LH:17
BRDA:16,0,0,0
BRDA:16,0,1,1
BRDA:28,1,0,0
BRDA:28,1,1,1
BRDA:28,2,0,1
BRDA:28,2,1,1
BRDA:28,2,2,1
BRF:7
BRH:5
end_of_record
TN:
SF:/Users/joao/Documents/projects/NextJS-Graphql Projects/nextjs-graphql-front/pages/logout.tsx
FN:5,(anonymous_1)
FN:9,(anonymous_2)
FNF:2
FNH:2
FNDA:2,(anonymous_1)
FNDA:1,(anonymous_2)
DA:3,1
DA:4,1
DA:5,1
DA:6,2
DA:9,1
DA:10,1
DA:13,1
DA:14,1
DA:15,1
DA:18,1
LF:10
LH:10
BRF:0
BRH:0
end_of_record
